<?xml version="1.0" encoding="UTF-8"?>
<!-- Generated by org.testng.reporters.JUnitXMLReporter -->
<testsuite ignored="1" hostname="LAPTOP-9U1KJMDO" failures="0" tests="3" name="Swaglabs1" time="35.849" errors="0" timestamp="2025-10-28T14:28:33 IST">
  <testcase classname="com.Test.LoginPageTest" name="inValidLoginTest" time="3.589"/>
  <testcase classname="com.Test.LoginPageTest" name="verifyValidLoginTest" time="4.234"/>
  <testcase classname="com.Test.HomePageTest" name="verifySwaglabsLogo" time="1.908"/>
  <testcase classname="com.base.BaseClass" name="@BeforeSuite loadConfig" time="0.0">
    <ignored/>
  </testcase> <!-- @BeforeSuite loadConfig -->
</testsuite> <!-- Swaglabs1 -->
