<?xml version="1.0" encoding="UTF-8"?>
<!-- Generated by org.testng.reporters.JUnitXMLReporter -->
<testsuite ignored="1" hostname="LAPTOP-9U1KJMDO" failures="0" tests="2" name="orangehrm" time="39.786" errors="0" timestamp="2025-07-01T22:57:12 IST">
  <testcase classname="com.Test.Dummyclass" name="dummyTest" time="0.026"/>
  <testcase classname="com.Test.Dummyclass2" name="dummyTest" time="0.018"/>
  <testcase classname="com.base.BaseClass" name="@BeforeSuite loadConfig" time="0.0">
    <ignored/>
  </testcase> <!-- @BeforeSuite loadConfig -->
</testsuite> <!-- orangehrm -->
