<?xml version="1.0" encoding="UTF-8"?>
<!-- Generated by org.testng.reporters.JUnitXMLReporter -->
<testsuite ignored="1" hostname="LAPTOP-9U1KJMDO" failures="0" tests="3" name="orangehrm2" time="40.872" errors="0" timestamp="2025-07-06T11:35:41 IST">
  <testcase classname="com.Test.LoginPageTest" name="inValidLoginTest" time="3.366"/>
  <testcase classname="com.Test.LoginPageTest" name="verifyValidLoginTest" time="6.946"/>
  <testcase classname="com.Test.HomePageTest" name="verifyValidLoginTest" time="6.878"/>
  <testcase classname="com.base.BaseClass" name="@BeforeSuite loadConfig" time="0.0">
    <ignored/>
  </testcase> <!-- @BeforeSuite loadConfig -->
</testsuite> <!-- orangehrm2 -->
