<?xml version="1.0" encoding="UTF-8"?>
<!-- Generated by org.testng.reporters.JUnitXMLReporter -->
<testsuite ignored="1" hostname="LAPTOP-9U1KJMDO" failures="0" tests="3" name="orangehrm1" time="26.449" errors="0" timestamp="2025-10-27T22:02:54 IST">
  <testcase classname="com.Test.LoginPageTest" name="inValidLoginTest" time="3.463"/>
  <testcase classname="com.Test.LoginPageTest" name="verifyValidLoginTest" time="4.445"/>
  <testcase classname="com.Test.HomePageTest" name="verifyOrangeHRMLogo" time="2.089"/>
  <testcase classname="com.base.BaseClass" name="@BeforeSuite loadConfig" time="0.0">
    <ignored/>
  </testcase> <!-- @BeforeSuite loadConfig -->
</testsuite> <!-- orangehrm1 -->
