<?xml version="1.0" encoding="UTF-8"?>
<testng-results ignored="1" total="4" passed="3" failed="0" skipped="0">
  <reporter-output>
  </reporter-output>
  <suite started-at="2025-10-28T14:27:57 IST" name="Swaglabs" finished-at="2025-10-28T14:28:33 IST" duration-ms="35849">
    <groups>
    </groups>
    <test started-at="2025-10-28T14:27:57 IST" name="Swaglabs1" finished-at="2025-10-28T14:28:33 IST" duration-ms="35849">
      <class name="com.Test.LoginPageTest">
        <test-method is-config="true" signature="loadConfig()[pri:0, instance:com.Test.LoginPageTest@4a11eb84]" started-at="2025-10-28T14:27:57 IST" name="loadConfig" finished-at="2025-10-28T14:27:57 IST" duration-ms="45" status="PASS">
          <reporter-output>
          </reporter-output>
        </test-method> <!-- loadConfig -->
        <test-method is-config="true" signature="setup()[pri:0, instance:com.Test.LoginPageTest@4a11eb84]" started-at="2025-10-28T14:27:58 IST" name="setup" finished-at="2025-10-28T14:28:14 IST" duration-ms="15212" status="PASS">
          <reporter-output>
          </reporter-output>
        </test-method> <!-- setup -->
        <test-method is-config="true" signature="setupPages()[pri:0, instance:com.Test.LoginPageTest@4a11eb84]" started-at="2025-10-28T14:28:14 IST" name="setupPages" finished-at="2025-10-28T14:28:14 IST" duration-ms="3" status="PASS">
          <reporter-output>
          </reporter-output>
        </test-method> <!-- setupPages -->
        <test-method signature="inValidLoginTest(java.lang.String,java.lang.String)[pri:0, instance:com.Test.LoginPageTest@4a11eb84]" started-at="2025-10-28T14:28:14 IST" name="inValidLoginTest" data-provider="inValidLoginData" finished-at="2025-10-28T14:28:17 IST" duration-ms="3589" status="PASS">
          <params>
            <param index="0">
              <value>
                <![CDATA[invalid_user]]>
              </value>
            </param>
            <param index="1">
              <value>
                <![CDATA[secret_invalid]]>
              </value>
            </param>
          </params>
          <reporter-output>
          </reporter-output>
        </test-method> <!-- inValidLoginTest -->
        <test-method is-config="true" signature="teardown()[pri:0, instance:com.Test.LoginPageTest@4a11eb84]" started-at="2025-10-28T14:28:17 IST" name="teardown" finished-at="2025-10-28T14:28:18 IST" duration-ms="368" status="PASS">
          <reporter-output>
          </reporter-output>
        </test-method> <!-- teardown -->
        <test-method is-config="true" signature="setup()[pri:0, instance:com.Test.LoginPageTest@4a11eb84]" started-at="2025-10-28T14:28:18 IST" name="setup" finished-at="2025-10-28T14:28:22 IST" duration-ms="3853" status="PASS">
          <reporter-output>
          </reporter-output>
        </test-method> <!-- setup -->
        <test-method is-config="true" signature="setupPages()[pri:0, instance:com.Test.LoginPageTest@4a11eb84]" started-at="2025-10-28T14:28:22 IST" name="setupPages" finished-at="2025-10-28T14:28:22 IST" duration-ms="1" status="PASS">
          <reporter-output>
          </reporter-output>
        </test-method> <!-- setupPages -->
        <test-method signature="verifyValidLoginTest(java.lang.String,java.lang.String)[pri:0, instance:com.Test.LoginPageTest@4a11eb84]" started-at="2025-10-28T14:28:22 IST" name="verifyValidLoginTest" data-provider="validLoginData" finished-at="2025-10-28T14:28:26 IST" duration-ms="4234" status="PASS">
          <params>
            <param index="0">
              <value>
                <![CDATA[standard_user]]>
              </value>
            </param>
            <param index="1">
              <value>
                <![CDATA[secret_sauce]]>
              </value>
            </param>
          </params>
          <reporter-output>
          </reporter-output>
        </test-method> <!-- verifyValidLoginTest -->
        <test-method is-config="true" signature="teardown()[pri:0, instance:com.Test.LoginPageTest@4a11eb84]" started-at="2025-10-28T14:28:26 IST" name="teardown" finished-at="2025-10-28T14:28:26 IST" duration-ms="324" status="PASS">
          <reporter-output>
          </reporter-output>
        </test-method> <!-- teardown -->
      </class> <!-- com.Test.LoginPageTest -->
      <class name="com.Test.HomePageTest">
        <test-method is-config="true" signature="setup()[pri:0, instance:com.Test.HomePageTest@4795ded0]" started-at="2025-10-28T14:28:26 IST" name="setup" finished-at="2025-10-28T14:28:30 IST" duration-ms="3966" status="PASS">
          <reporter-output>
          </reporter-output>
        </test-method> <!-- setup -->
        <test-method is-config="true" signature="setupPages()[pri:0, instance:com.Test.HomePageTest@4795ded0]" started-at="2025-10-28T14:28:30 IST" name="setupPages" finished-at="2025-10-28T14:28:30 IST" duration-ms="1" status="PASS">
          <reporter-output>
          </reporter-output>
        </test-method> <!-- setupPages -->
        <test-method signature="verifySwaglabsLogo(java.lang.String,java.lang.String)[pri:0, instance:com.Test.HomePageTest@4795ded0]" started-at="2025-10-28T14:28:30 IST" name="verifySwaglabsLogo" data-provider="validLoginData" finished-at="2025-10-28T14:28:32 IST" duration-ms="1908" status="PASS">
          <params>
            <param index="0">
              <value>
                <![CDATA[standard_user]]>
              </value>
            </param>
            <param index="1">
              <value>
                <![CDATA[secret_sauce]]>
              </value>
            </param>
          </params>
          <reporter-output>
          </reporter-output>
        </test-method> <!-- verifySwaglabsLogo -->
        <test-method is-config="true" signature="teardown()[pri:0, instance:com.Test.HomePageTest@4795ded0]" started-at="2025-10-28T14:28:32 IST" name="teardown" finished-at="2025-10-28T14:28:33 IST" duration-ms="373" status="PASS">
          <reporter-output>
          </reporter-output>
        </test-method> <!-- teardown -->
      </class> <!-- com.Test.HomePageTest -->
    </test> <!-- Swaglabs1 -->
  </suite> <!-- Swaglabs -->
</testng-results>
